<?xml version="1.0" encoding="UTF-8"?>
<testsuite xmlns:xsi="http://www.w3.org/2001/XMLSchema-instance" xsi:noNamespaceSchemaLocation="https://maven.apache.org/surefire/maven-surefire-plugin/xsd/surefire-test-report.xsd" name="com.example.serviceimpl.ServiceImplApplicationTests" time="1.699" tests="1" errors="0" skipped="0" failures="0">
  <properties>
    <property name="sun.desktop" value="windows"/>
    <property name="awt.toolkit" value="sun.awt.windows.WToolkit"/>
    <property name="file.encoding.pkg" value="sun.io"/>
    <property name="java.specification.version" value="1.8"/>
    <property name="sun.cpu.isalist" value="amd64"/>
    <property name="sun.jnu.encoding" value="GBK"/>
    <property name="java.class.path" value="D:\Work\Minecraft\workspace-Idea\father\service-impl\target\test-classes;D:\Work\Minecraft\workspace-Idea\father\service-impl\target\classes;D:\Work\Minecraft\workspace-Idea\father\beans\target\beans-0.0.1-SNAPSHOT.jar;D:\Work\Minecraft\workspace-Idea\father\dao\target\dao-0.0.1-SNAPSHOT.jar;D:\Work\Minecraft\workspace-Idea\father\iservice\target\iservice-0.0.1-SNAPSHOT.jar;D:\Work\Minecraft\workspace-Idea\father\utils\target\utils-0.0.1-SNAPSHOT.jar;D:\Work\JavaTool\repository\org\springframework\boot\spring-boot-starter\2.1.5.RELEASE\spring-boot-starter-2.1.5.RELEASE.jar;D:\Work\JavaTool\repository\org\springframework\boot\spring-boot\2.1.5.RELEASE\spring-boot-2.1.5.RELEASE.jar;D:\Work\JavaTool\repository\org\springframework\spring-context\5.1.7.RELEASE\spring-context-5.1.7.RELEASE.jar;D:\Work\JavaTool\repository\org\springframework\spring-aop\5.1.7.RELEASE\spring-aop-5.1.7.RELEASE.jar;D:\Work\JavaTool\repository\org\springframework\spring-beans\5.1.7.RELEASE\spring-beans-5.1.7.RELEASE.jar;D:\Work\JavaTool\repository\org\springframework\spring-expression\5.1.7.RELEASE\spring-expression-5.1.7.RELEASE.jar;D:\Work\JavaTool\repository\org\springframework\boot\spring-boot-autoconfigure\2.1.5.RELEASE\spring-boot-autoconfigure-2.1.5.RELEASE.jar;D:\Work\JavaTool\repository\org\springframework\boot\spring-boot-starter-logging\2.1.5.RELEASE\spring-boot-starter-logging-2.1.5.RELEASE.jar;D:\Work\JavaTool\repository\ch\qos\logback\logback-classic\1.2.3\logback-classic-1.2.3.jar;D:\Work\JavaTool\repository\ch\qos\logback\logback-core\1.2.3\logback-core-1.2.3.jar;D:\Work\JavaTool\repository\org\apache\logging\log4j\log4j-to-slf4j\2.11.2\log4j-to-slf4j-2.11.2.jar;D:\Work\JavaTool\repository\org\apache\logging\log4j\log4j-api\2.11.2\log4j-api-2.11.2.jar;D:\Work\JavaTool\repository\org\slf4j\jul-to-slf4j\1.7.26\jul-to-slf4j-1.7.26.jar;D:\Work\JavaTool\repository\javax\annotation\javax.annotation-api\1.3.2\javax.annotation-api-1.3.2.jar;D:\Work\JavaTool\repository\org\springframework\spring-core\5.1.7.RELEASE\spring-core-5.1.7.RELEASE.jar;D:\Work\JavaTool\repository\org\springframework\spring-jcl\5.1.7.RELEASE\spring-jcl-5.1.7.RELEASE.jar;D:\Work\JavaTool\repository\org\yaml\snakeyaml\1.23\snakeyaml-1.23.jar;D:\Work\JavaTool\repository\org\springframework\boot\spring-boot-starter-test\2.1.5.RELEASE\spring-boot-starter-test-2.1.5.RELEASE.jar;D:\Work\JavaTool\repository\org\springframework\boot\spring-boot-test\2.1.5.RELEASE\spring-boot-test-2.1.5.RELEASE.jar;D:\Work\JavaTool\repository\org\springframework\boot\spring-boot-test-autoconfigure\2.1.5.RELEASE\spring-boot-test-autoconfigure-2.1.5.RELEASE.jar;D:\Work\JavaTool\repository\com\jayway\jsonpath\json-path\2.4.0\json-path-2.4.0.jar;D:\Work\JavaTool\repository\net\minidev\json-smart\2.3\json-smart-2.3.jar;D:\Work\JavaTool\repository\net\minidev\accessors-smart\1.2\accessors-smart-1.2.jar;D:\Work\JavaTool\repository\org\ow2\asm\asm\5.0.4\asm-5.0.4.jar;D:\Work\JavaTool\repository\org\slf4j\slf4j-api\1.7.26\slf4j-api-1.7.26.jar;D:\Work\JavaTool\repository\junit\junit\4.12\junit-4.12.jar;D:\Work\JavaTool\repository\org\assertj\assertj-core\3.11.1\assertj-core-3.11.1.jar;D:\Work\JavaTool\repository\org\mockito\mockito-core\2.23.4\mockito-core-2.23.4.jar;D:\Work\JavaTool\repository\net\bytebuddy\byte-buddy\1.9.12\byte-buddy-1.9.12.jar;D:\Work\JavaTool\repository\net\bytebuddy\byte-buddy-agent\1.9.12\byte-buddy-agent-1.9.12.jar;D:\Work\JavaTool\repository\org\objenesis\objenesis\2.6\objenesis-2.6.jar;D:\Work\JavaTool\repository\org\hamcrest\hamcrest-core\1.3\hamcrest-core-1.3.jar;D:\Work\JavaTool\repository\org\hamcrest\hamcrest-library\1.3\hamcrest-library-1.3.jar;D:\Work\JavaTool\repository\org\skyscreamer\jsonassert\1.5.0\jsonassert-1.5.0.jar;D:\Work\JavaTool\repository\com\vaadin\external\google\android-json\0.0.20131108.vaadin1\android-json-0.0.20131108.vaadin1.jar;D:\Work\JavaTool\repository\org\springframework\spring-test\5.1.7.RELEASE\spring-test-5.1.7.RELEASE.jar;D:\Work\JavaTool\repository\org\xmlunit\xmlunit-core\2.6.2\xmlunit-core-2.6.2.jar;"/>
    <property name="java.vm.vendor" value="Oracle Corporation"/>
    <property name="sun.arch.data.model" value="64"/>
    <property name="user.variant" value=""/>
    <property name="java.vendor.url" value="http://java.oracle.com/"/>
    <property name="user.timezone" value="Asia/Shanghai"/>
    <property name="java.vm.specification.version" value="1.8"/>
    <property name="os.name" value="Windows 10"/>
    <property name="user.country" value="CN"/>
    <property name="sun.java.launcher" value="SUN_STANDARD"/>
    <property name="sun.boot.library.path" value="D:\Work\Java\jdk1.8.0_92\jre\bin"/>
    <property name="sun.java.command" value="C:\Users\39844\AppData\Local\Temp\surefire758368376302750371\surefirebooter558376761287037591.jar C:\Users\39844\AppData\Local\Temp\surefire758368376302750371 2019-06-05T21-07-50_021-jvmRun1 surefire5681075477108196491tmp surefire_01604197524981972200tmp"/>
    <property name="surefire.test.class.path" value="D:\Work\Minecraft\workspace-Idea\father\service-impl\target\test-classes;D:\Work\Minecraft\workspace-Idea\father\service-impl\target\classes;D:\Work\Minecraft\workspace-Idea\father\beans\target\beans-0.0.1-SNAPSHOT.jar;D:\Work\Minecraft\workspace-Idea\father\dao\target\dao-0.0.1-SNAPSHOT.jar;D:\Work\Minecraft\workspace-Idea\father\iservice\target\iservice-0.0.1-SNAPSHOT.jar;D:\Work\Minecraft\workspace-Idea\father\utils\target\utils-0.0.1-SNAPSHOT.jar;D:\Work\JavaTool\repository\org\springframework\boot\spring-boot-starter\2.1.5.RELEASE\spring-boot-starter-2.1.5.RELEASE.jar;D:\Work\JavaTool\repository\org\springframework\boot\spring-boot\2.1.5.RELEASE\spring-boot-2.1.5.RELEASE.jar;D:\Work\JavaTool\repository\org\springframework\spring-context\5.1.7.RELEASE\spring-context-5.1.7.RELEASE.jar;D:\Work\JavaTool\repository\org\springframework\spring-aop\5.1.7.RELEASE\spring-aop-5.1.7.RELEASE.jar;D:\Work\JavaTool\repository\org\springframework\spring-beans\5.1.7.RELEASE\spring-beans-5.1.7.RELEASE.jar;D:\Work\JavaTool\repository\org\springframework\spring-expression\5.1.7.RELEASE\spring-expression-5.1.7.RELEASE.jar;D:\Work\JavaTool\repository\org\springframework\boot\spring-boot-autoconfigure\2.1.5.RELEASE\spring-boot-autoconfigure-2.1.5.RELEASE.jar;D:\Work\JavaTool\repository\org\springframework\boot\spring-boot-starter-logging\2.1.5.RELEASE\spring-boot-starter-logging-2.1.5.RELEASE.jar;D:\Work\JavaTool\repository\ch\qos\logback\logback-classic\1.2.3\logback-classic-1.2.3.jar;D:\Work\JavaTool\repository\ch\qos\logback\logback-core\1.2.3\logback-core-1.2.3.jar;D:\Work\JavaTool\repository\org\apache\logging\log4j\log4j-to-slf4j\2.11.2\log4j-to-slf4j-2.11.2.jar;D:\Work\JavaTool\repository\org\apache\logging\log4j\log4j-api\2.11.2\log4j-api-2.11.2.jar;D:\Work\JavaTool\repository\org\slf4j\jul-to-slf4j\1.7.26\jul-to-slf4j-1.7.26.jar;D:\Work\JavaTool\repository\javax\annotation\javax.annotation-api\1.3.2\javax.annotation-api-1.3.2.jar;D:\Work\JavaTool\repository\org\springframework\spring-core\5.1.7.RELEASE\spring-core-5.1.7.RELEASE.jar;D:\Work\JavaTool\repository\org\springframework\spring-jcl\5.1.7.RELEASE\spring-jcl-5.1.7.RELEASE.jar;D:\Work\JavaTool\repository\org\yaml\snakeyaml\1.23\snakeyaml-1.23.jar;D:\Work\JavaTool\repository\org\springframework\boot\spring-boot-starter-test\2.1.5.RELEASE\spring-boot-starter-test-2.1.5.RELEASE.jar;D:\Work\JavaTool\repository\org\springframework\boot\spring-boot-test\2.1.5.RELEASE\spring-boot-test-2.1.5.RELEASE.jar;D:\Work\JavaTool\repository\org\springframework\boot\spring-boot-test-autoconfigure\2.1.5.RELEASE\spring-boot-test-autoconfigure-2.1.5.RELEASE.jar;D:\Work\JavaTool\repository\com\jayway\jsonpath\json-path\2.4.0\json-path-2.4.0.jar;D:\Work\JavaTool\repository\net\minidev\json-smart\2.3\json-smart-2.3.jar;D:\Work\JavaTool\repository\net\minidev\accessors-smart\1.2\accessors-smart-1.2.jar;D:\Work\JavaTool\repository\org\ow2\asm\asm\5.0.4\asm-5.0.4.jar;D:\Work\JavaTool\repository\org\slf4j\slf4j-api\1.7.26\slf4j-api-1.7.26.jar;D:\Work\JavaTool\repository\junit\junit\4.12\junit-4.12.jar;D:\Work\JavaTool\repository\org\assertj\assertj-core\3.11.1\assertj-core-3.11.1.jar;D:\Work\JavaTool\repository\org\mockito\mockito-core\2.23.4\mockito-core-2.23.4.jar;D:\Work\JavaTool\repository\net\bytebuddy\byte-buddy\1.9.12\byte-buddy-1.9.12.jar;D:\Work\JavaTool\repository\net\bytebuddy\byte-buddy-agent\1.9.12\byte-buddy-agent-1.9.12.jar;D:\Work\JavaTool\repository\org\objenesis\objenesis\2.6\objenesis-2.6.jar;D:\Work\JavaTool\repository\org\hamcrest\hamcrest-core\1.3\hamcrest-core-1.3.jar;D:\Work\JavaTool\repository\org\hamcrest\hamcrest-library\1.3\hamcrest-library-1.3.jar;D:\Work\JavaTool\repository\org\skyscreamer\jsonassert\1.5.0\jsonassert-1.5.0.jar;D:\Work\JavaTool\repository\com\vaadin\external\google\android-json\0.0.20131108.vaadin1\android-json-0.0.20131108.vaadin1.jar;D:\Work\JavaTool\repository\org\springframework\spring-test\5.1.7.RELEASE\spring-test-5.1.7.RELEASE.jar;D:\Work\JavaTool\repository\org\xmlunit\xmlunit-core\2.6.2\xmlunit-core-2.6.2.jar;"/>
    <property name="sun.cpu.endian" value="little"/>
    <property name="user.home" value="C:\Users\39844"/>
    <property name="user.language" value="zh"/>
    <property name="java.specification.vendor" value="Oracle Corporation"/>
    <property name="java.home" value="D:\Work\Java\jdk1.8.0_92\jre"/>
    <property name="basedir" value="D:\Work\Minecraft\workspace-Idea\father\service-impl"/>
    <property name="file.separator" value="\"/>
    <property name="line.separator" value="&#10;"/>
    <property name="java.vm.specification.vendor" value="Oracle Corporation"/>
    <property name="java.specification.name" value="Java Platform API Specification"/>
    <property name="java.awt.graphicsenv" value="sun.awt.Win32GraphicsEnvironment"/>
    <property name="surefire.real.class.path" value="C:\Users\39844\AppData\Local\Temp\surefire758368376302750371\surefirebooter558376761287037591.jar"/>
    <property name="sun.boot.class.path" value="D:\Work\Java\jdk1.8.0_92\jre\lib\resources.jar;D:\Work\Java\jdk1.8.0_92\jre\lib\rt.jar;D:\Work\Java\jdk1.8.0_92\jre\lib\sunrsasign.jar;D:\Work\Java\jdk1.8.0_92\jre\lib\jsse.jar;D:\Work\Java\jdk1.8.0_92\jre\lib\jce.jar;D:\Work\Java\jdk1.8.0_92\jre\lib\charsets.jar;D:\Work\Java\jdk1.8.0_92\jre\lib\jfr.jar;D:\Work\Java\jdk1.8.0_92\jre\classes"/>
    <property name="user.script" value=""/>
    <property name="sun.management.compiler" value="HotSpot 64-Bit Tiered Compilers"/>
    <property name="java.runtime.version" value="1.8.0_92-b14"/>
    <property name="user.name" value="願"/>
    <property name="path.separator" value=";"/>
    <property name="os.version" value="10.0"/>
    <property name="java.endorsed.dirs" value="D:\Work\Java\jdk1.8.0_92\jre\lib\endorsed"/>
    <property name="java.runtime.name" value="Java(TM) SE Runtime Environment"/>
    <property name="file.encoding" value="GBK"/>
    <property name="java.vm.name" value="Java HotSpot(TM) 64-Bit Server VM"/>
    <property name="localRepository" value="D:\Work\JavaTool\repository"/>
    <property name="java.vendor.url.bug" value="http://bugreport.sun.com/bugreport/"/>
    <property name="java.io.tmpdir" value="C:\Users\39844\AppData\Local\Temp\"/>
    <property name="java.version" value="1.8.0_92"/>
    <property name="user.dir" value="D:\Work\Minecraft\workspace-Idea\father\service-impl"/>
    <property name="os.arch" value="amd64"/>
    <property name="java.vm.specification.name" value="Java Virtual Machine Specification"/>
    <property name="java.awt.printerjob" value="sun.awt.windows.WPrinterJob"/>
    <property name="idea.version2019.1.3" value="true"/>
    <property name="sun.os.patch.level" value=""/>
    <property name="java.library.path" value="D:\Work\Java\jdk1.8.0_92\jre\bin;C:\WINDOWS\Sun\Java\bin;C:\WINDOWS\system32;C:\WINDOWS;D:\Work\Java\jdk1.8.0_92\bin;D:\Work\Java\jdk1.8.0_92\jre\bin;C:\WINDOWS\system32;C:\WINDOWS;C:\WINDOWS\System32\Wbem;C:\WINDOWS\System32\WindowsPowerShell\v1.0\;C:\Program Files\MySQL\MySQL Utilities 1.6\;D:\Work\csot-wh\apache-maven-3.3.3\bin;D:\Work\TortoiseSVN\bin;D:\Work\Sencha\Cmd;D:\Work\baifendian\OpenVPN\bin;D:\Work\Minecraft\Python\Python36-32;;C:\WINDOWS\System32\OpenSSH\;d:\Work\Sencha\Cmd;C:\Users\39844\AppData\Local\Microsoft\WindowsApps;;."/>
    <property name="java.vm.info" value="mixed mode"/>
    <property name="java.vendor" value="Oracle Corporation"/>
    <property name="java.vm.version" value="25.92-b14"/>
    <property name="java.ext.dirs" value="D:\Work\Java\jdk1.8.0_92\jre\lib\ext;C:\WINDOWS\Sun\Java\lib\ext"/>
    <property name="sun.io.unicode.encoding" value="UnicodeLittle"/>
    <property name="java.class.version" value="52.0"/>
  </properties>
  <testcase name="contextLoads" classname="com.example.serviceimpl.ServiceImplApplicationTests" time="0.162"/>
</testsuite>